This is pdfTeX, Version 3.14159265-2.6-1.40.15 (MiKTeX 2.9 64-bit) (preloaded format=pdflatex 2016.3.28)  6 APR 2016 03:40
entering extended mode
**MillerRabin_CS.tex
(MillerRabin_CS.tex
LaTeX2e <2014/05/01>
Babel <3.9l> and hyphenation patterns for 68 languages loaded.
("C:\Program Files\MiKTeX 2.9\tex\latex\base\article.cls"
Document Class: article 2014/09/29 v1.4h Standard LaTeX document class
("C:\Program Files\MiKTeX 2.9\tex\latex\base\size12.clo"
File: size12.clo 2014/09/29 v1.4h Standard LaTeX file (size option)
)
\c@part=\count79
\c@section=\count80
\c@subsection=\count81
\c@subsubsection=\count82
\c@paragraph=\count83
\c@subparagraph=\count84
\c@figure=\count85
\c@table=\count86
\abovecaptionskip=\skip41
\belowcaptionskip=\skip42
\bibindent=\dimen102
)
("C:\Program Files\MiKTeX 2.9\tex\latex\graphics\graphicx.sty"
Package: graphicx 2014/10/28 v1.0g Enhanced LaTeX Graphics (DPC,SPQR)

("C:\Program Files\MiKTeX 2.9\tex\latex\graphics\keyval.sty"
Package: keyval 2014/10/28 v1.15 key=value parser (DPC)
\KV@toks@=\toks14
)
("C:\Program Files\MiKTeX 2.9\tex\latex\graphics\graphics.sty"
Package: graphics 2014/10/28 v1.0p Standard LaTeX Graphics (DPC,SPQR)

("C:\Program Files\MiKTeX 2.9\tex\latex\graphics\trig.sty"
Package: trig 1999/03/16 v1.09 sin cos tan (DPC)
)
("C:\Program Files\MiKTeX 2.9\tex\latex\00miktex\graphics.cfg"
File: graphics.cfg 2007/01/18 v1.5 graphics configuration of teTeX/TeXLive
)
Package graphics Info: Driver file: pdftex.def on input line 91.

("C:\Program Files\MiKTeX 2.9\tex\latex\pdftex-def\pdftex.def"
File: pdftex.def 2011/05/27 v0.06d Graphics/color for pdfTeX

("C:\Program Files\MiKTeX 2.9\tex\generic\oberdiek\infwarerr.sty"
Package: infwarerr 2010/04/08 v1.3 Providing info/warning/error messages (HO)
)
("C:\Program Files\MiKTeX 2.9\tex\generic\oberdiek\ltxcmds.sty"
Package: ltxcmds 2011/11/09 v1.22 LaTeX kernel commands for general use (HO)
)
\Gread@gobject=\count87
))
\Gin@req@height=\dimen103
\Gin@req@width=\dimen104
)
(MillerRabin_CS.aux)
LaTeX Font Info:    Checking defaults for OML/cmm/m/it on input line 24.
LaTeX Font Info:    ... okay on input line 24.
LaTeX Font Info:    Checking defaults for T1/cmr/m/n on input line 24.
LaTeX Font Info:    ... okay on input line 24.
LaTeX Font Info:    Checking defaults for OT1/cmr/m/n on input line 24.
LaTeX Font Info:    ... okay on input line 24.
LaTeX Font Info:    Checking defaults for OMS/cmsy/m/n on input line 24.
LaTeX Font Info:    ... okay on input line 24.
LaTeX Font Info:    Checking defaults for OMX/cmex/m/n on input line 24.
LaTeX Font Info:    ... okay on input line 24.
LaTeX Font Info:    Checking defaults for U/cmr/m/n on input line 24.
LaTeX Font Info:    ... okay on input line 24.

("C:\Program Files\MiKTeX 2.9\tex\context\base\supp-pdf.mkii"
[Loading MPS to PDF converter (version 2006.09.02).]
\scratchcounter=\count88
\scratchdimen=\dimen105
\scratchbox=\box26
\nofMPsegments=\count89
\nofMParguments=\count90
\everyMPshowfont=\toks15
\MPscratchCnt=\count91
\MPscratchDim=\dimen106
\MPnumerator=\count92
\makeMPintoPDFobject=\count93
\everyMPtoPDFconversion=\toks16
)
LaTeX Font Info:    External font `cmex10' loaded for size
(Font)              <14.4> on input line 25.
LaTeX Font Info:    External font `cmex10' loaded for size
(Font)              <7> on input line 25.
LaTeX Font Info:    Try loading font information for OMS+cmr on input line 58.
 ("C:\Program Files\MiKTeX 2.9\tex\latex\base\omscmr.fd"
File: omscmr.fd 2014/09/29 v2.5h Standard LaTeX font definitions
)
LaTeX Font Info:    Font shape `OMS/cmr/m/n' in size <12> not available
(Font)              Font shape `OMS/cmsy/m/n' tried instead on input line 58.

Overfull \hbox (3.86275pt too wide) in paragraph at lines 58--59
 [] \OT1/cmr/m/n/12 Write a Python/ Java/c++ pro-gram to val-i-date the pa-ram-
e-ter tu-ple \OMS/cmsy/m/n/12 f\OT1/cmr/m/n/12 p,q,g\OMS/cmsy/m/n/12 g
 []


Overfull \hbox (4.12648pt too wide) in paragraph at lines 58--59
\OT1/cmr/m/n/12 for the se-cu-rity of the DSA. Use Miller-Rabin pri-mal-ity tes
t de-ter-mine whether
 []


Underfull \hbox (badness 10000) in paragraph at lines 74--89

 []


Underfull \hbox (badness 10000) in paragraph at lines 74--89

 []


Underfull \hbox (badness 10000) in paragraph at lines 74--89

 []


Underfull \hbox (badness 10000) in paragraph at lines 74--89

 []


Underfull \hbox (badness 10000) in paragraph at lines 74--89

 []

[1

{C:/ProgramData/MiKTeX/2.9/pdftex/config/pdftex.map}]
Missing character: There is no ‚ in font cmr12!
Missing character: There is no Ä in font cmr12!
Missing character: There is no ô in font cmr12!
LaTeX Font Info:    External font `cmex10' loaded for size
(Font)              <12> on input line 100.
LaTeX Font Info:    External font `cmex10' loaded for size
(Font)              <8> on input line 100.
LaTeX Font Info:    External font `cmex10' loaded for size
(Font)              <6> on input line 100.
 [2]
Overfull \hbox (17.5502pt too wide) in paragraph at lines 137--137
[]\OT1/cmtt/m/n/12 write n - 1 as 2s.d with d odd by factoring powers of 2 from
 n - 1[] 
 []

Missing character: There is no ‚ in font cmtt12!
Missing character: There is no Ü in font cmtt12!
Missing character: There is no ê in font cmtt12!
[3]
Missing character: There is no ‚ in font cmtt12!
Missing character: There is no Ü in font cmtt12!
Missing character: There is no ê in font cmtt12!
LaTeX Font Info:    Try loading font information for OT1+pcr on input line 140.

 ("C:\Program Files\MiKTeX 2.9\tex\latex\psnfss\ot1pcr.fd"
File: ot1pcr.fd 2001/06/04 font definitions for OT1/pcr.
)
Overfull \hbox (64.17451pt too wide) in paragraph at lines 142--143
[]\OT1/pcr/m/n/12 Choose a prime number q, which is called the prime divisor. 
 []


Overfull \hbox (6.57454pt too wide) in paragraph at lines 143--144
[]\OT1/pcr/m/n/12 Choose another primer number p, such that p-1 mod q
 []

Missing character: There is no ‚ in font cmr8!
Missing character: There is no Ä in font cmr8!
Missing character: There is no ì in font cmr8!

Overfull \hbox (10.01343pt too wide) in paragraph at lines 144--145
[]\OT1/pcr/m/n/12 Choose an integer g, such that 1 < g < p, $\OML/cmm/m/it/12 g
[]$ \OT1/pcr/m/n/12 mod p =
 []


Overfull \hbox (46.94493pt too wide) in paragraph at lines 144--145
\OT1/pcr/m/n/12 1 and g = $\OML/cmm/m/it/12 h[]modp$\OT1/pcr/m/n/12 . q is also
 called g's multiplicative
 []


Overfull \hbox (20.97453pt too wide) in paragraph at lines 145--147
[]\OT1/pcr/m/n/12 Choose an integer, such that 0 < x < q. Compute y as
 []


Overfull \hbox (35.37453pt too wide) in paragraph at lines 147--149
[]\OT1/pcr/m/n/12 Package the public key as p,q,g,y. Package the private
 []

<rabin_example.png, id=22, 456.20438pt x 243.91125pt>
File: rabin_example.png Graphic file (type png)
 <use rabin_example.png>
Package pdftex.def Info: rabin_example.png used on input line 154.
(pdftex.def)             Requested size: 390.0pt x 208.52022pt.

[4]
Underfull \hbox (badness 10000) in paragraph at lines 159--161

 []


Underfull \hbox (badness 10000) in paragraph at lines 164--166

 []


Overfull \hbox (45.4834pt too wide) in paragraph at lines 172--176
 [] 
 []

<rmpl.png, id=27, 596.98032pt x 269.50688pt>
File: rmpl.png Graphic file (type png)
 <use rmpl.png>
Package pdftex.def Info: rmpl.png used on input line 180.
(pdftex.def)             Requested size: 390.0pt x 176.06564pt.
 [5 <./rabin_example.png>] [6 <./rmpl.png>] (MillerRabin_CS.aux) ) 
Here is how much of TeX's memory you used:
 1202 strings out of 493698
 15769 string characters out of 3144394
 72126 words of memory out of 3000000
 4558 multiletter control sequences out of 15000+200000
 10092 words of font info for 36 fonts, out of 3000000 for 9000
 1025 hyphenation exceptions out of 8191
 27i,6n,19p,618b,244s stack positions out of 5000i,500n,10000p,200000b,50000s
{C:/Program F
iles/MiKTeX 2.9/fonts/enc/dvips/fontname/8r.enc}<C:/Program Files/MiKTeX 2.9/fo
nts/type1/public/amsfonts/cm/cmbx12.pfb><C:/Program Files/MiKTeX 2.9/fonts/type
1/public/amsfonts/cm/cmcsc10.pfb><C:/Program Files/MiKTeX 2.9/fonts/type1/publi
c/amsfonts/cm/cmmi12.pfb><C:/Program Files/MiKTeX 2.9/fonts/type1/public/amsfon
ts/cm/cmmi6.pfb><C:/Program Files/MiKTeX 2.9/fonts/type1/public/amsfonts/cm/cmm
i8.pfb><C:/Program Files/MiKTeX 2.9/fonts/type1/public/amsfonts/cm/cmr12.pfb><C
:/Program Files/MiKTeX 2.9/fonts/type1/public/amsfonts/cm/cmr17.pfb><C:/Program
 Files/MiKTeX 2.9/fonts/type1/public/amsfonts/cm/cmr8.pfb><C:/Program Files/MiK
TeX 2.9/fonts/type1/public/amsfonts/cm/cmsy10.pfb><C:/Program Files/MiKTeX 2.9/
fonts/type1/public/amsfonts/cm/cmsy8.pfb><C:/Program Files/MiKTeX 2.9/fonts/typ
e1/public/amsfonts/cm/cmtt12.pfb><C:/Program Files/MiKTeX 2.9/fonts/type1/urw/c
ourier/ucrr8a.pfb>
Output written on MillerRabin_CS.pdf (6 pages, 179747 bytes).
PDF statistics:
 74 PDF objects out of 1000 (max. 8388607)
 0 named destinations out of 1000 (max. 500000)
 11 words of extra memory for PDF output out of 10000 (max. 10000000)

