This is pdfTeX, Version 3.14159265-2.6-1.40.15 (MiKTeX 2.9 64-bit) (preloaded format=pdflatex 2016.3.28)  5 APR 2016 18:50
entering extended mode
**A1_SDMT_BinarySearch.tex
(A1_SDMT_BinarySearch.tex
LaTeX2e <2014/05/01>
Babel <3.9l> and hyphenation patterns for 68 languages loaded.
("C:\Program Files\MiKTeX 2.9\tex\latex\base\article.cls"
Document Class: article 2014/09/29 v1.4h Standard LaTeX document class
("C:\Program Files\MiKTeX 2.9\tex\latex\base\size12.clo"
File: size12.clo 2014/09/29 v1.4h Standard LaTeX file (size option)
)
\c@part=\count79
\c@section=\count80
\c@subsection=\count81
\c@subsubsection=\count82
\c@paragraph=\count83
\c@subparagraph=\count84
\c@figure=\count85
\c@table=\count86
\abovecaptionskip=\skip41
\belowcaptionskip=\skip42
\bibindent=\dimen102
)
("C:\Program Files\MiKTeX 2.9\tex\latex\graphics\graphicx.sty"
Package: graphicx 2014/10/28 v1.0g Enhanced LaTeX Graphics (DPC,SPQR)

("C:\Program Files\MiKTeX 2.9\tex\latex\graphics\keyval.sty"
Package: keyval 2014/10/28 v1.15 key=value parser (DPC)
\KV@toks@=\toks14
)
("C:\Program Files\MiKTeX 2.9\tex\latex\graphics\graphics.sty"
Package: graphics 2014/10/28 v1.0p Standard LaTeX Graphics (DPC,SPQR)

("C:\Program Files\MiKTeX 2.9\tex\latex\graphics\trig.sty"
Package: trig 1999/03/16 v1.09 sin cos tan (DPC)
)
("C:\Program Files\MiKTeX 2.9\tex\latex\00miktex\graphics.cfg"
File: graphics.cfg 2007/01/18 v1.5 graphics configuration of teTeX/TeXLive
)
Package graphics Info: Driver file: pdftex.def on input line 91.

("C:\Program Files\MiKTeX 2.9\tex\latex\pdftex-def\pdftex.def"
File: pdftex.def 2011/05/27 v0.06d Graphics/color for pdfTeX

("C:\Program Files\MiKTeX 2.9\tex\generic\oberdiek\infwarerr.sty"
Package: infwarerr 2010/04/08 v1.3 Providing info/warning/error messages (HO)
)
("C:\Program Files\MiKTeX 2.9\tex\generic\oberdiek\ltxcmds.sty"
Package: ltxcmds 2011/11/09 v1.22 LaTeX kernel commands for general use (HO)
)
\Gread@gobject=\count87
))
\Gin@req@height=\dimen103
\Gin@req@width=\dimen104
)
(A1_SDMT_BinarySearch.aux)
LaTeX Font Info:    Checking defaults for OML/cmm/m/it on input line 24.
LaTeX Font Info:    ... okay on input line 24.
LaTeX Font Info:    Checking defaults for T1/cmr/m/n on input line 24.
LaTeX Font Info:    ... okay on input line 24.
LaTeX Font Info:    Checking defaults for OT1/cmr/m/n on input line 24.
LaTeX Font Info:    ... okay on input line 24.
LaTeX Font Info:    Checking defaults for OMS/cmsy/m/n on input line 24.
LaTeX Font Info:    ... okay on input line 24.
LaTeX Font Info:    Checking defaults for OMX/cmex/m/n on input line 24.
LaTeX Font Info:    ... okay on input line 24.
LaTeX Font Info:    Checking defaults for U/cmr/m/n on input line 24.
LaTeX Font Info:    ... okay on input line 24.

("C:\Program Files\MiKTeX 2.9\tex\context\base\supp-pdf.mkii"
[Loading MPS to PDF converter (version 2006.09.02).]
\scratchcounter=\count88
\scratchdimen=\dimen105
\scratchbox=\box26
\nofMPsegments=\count89
\nofMParguments=\count90
\everyMPshowfont=\toks15
\MPscratchCnt=\count91
\MPscratchDim=\dimen106
\MPnumerator=\count92
\makeMPintoPDFobject=\count93
\everyMPtoPDFconversion=\toks16
)
LaTeX Font Info:    External font `cmex10' loaded for size
(Font)              <14.4> on input line 25.
LaTeX Font Info:    External font `cmex10' loaded for size
(Font)              <7> on input line 25.
LaTeX Font Info:    Try loading font information for OMS+cmr on input line 65.
 ("C:\Program Files\MiKTeX 2.9\tex\latex\base\omscmr.fd"
File: omscmr.fd 2014/09/29 v2.5h Standard LaTeX font definitions
)
LaTeX Font Info:    Font shape `OMS/cmr/m/n' in size <12> not available
(Font)              Font shape `OMS/cmsy/m/n' tried instead on input line 65.

Underfull \hbox (badness 10000) in paragraph at lines 77--102

 []


Underfull \hbox (badness 10000) in paragraph at lines 77--102

 []


Underfull \hbox (badness 10000) in paragraph at lines 77--102

 []


Underfull \hbox (badness 10000) in paragraph at lines 77--102

 []


Underfull \hbox (badness 10000) in paragraph at lines 77--102

 []


Underfull \hbox (badness 10000) in paragraph at lines 77--102

 []

[1

{C:/ProgramData/MiKTeX/2.9/pdftex/config/pdftex.map}] [2]
LaTeX Font Info:    Try loading font information for OT1+ccr on input line 113.


("C:\Program Files\MiKTeX 2.9\tex\latex\concmath\ot1ccr.fd"
File: ot1ccr.fd 1999/03/10 v2.0b LaTeX font defs for Concrete math fonts
)
LaTeX Font Info:    External font `cmex10' loaded for size
(Font)              <12> on input line 118.
LaTeX Font Info:    External font `cmex10' loaded for size
(Font)              <8> on input line 118.
LaTeX Font Info:    External font `cmex10' loaded for size
(Font)              <6> on input line 118.

Underfull \hbox (badness 10000) in paragraph at lines 114--138

 []


Underfull \hbox (badness 10000) in paragraph at lines 114--138

 []


Underfull \hbox (badness 10000) in paragraph at lines 114--138

 []


Underfull \hbox (badness 10000) in paragraph at lines 114--138

 []


Underfull \hbox (badness 10000) in paragraph at lines 114--138

 []


Underfull \hbox (badness 10000) in paragraph at lines 114--138

 []


Underfull \hbox (badness 10000) in paragraph at lines 114--138

 []

[3]
Underfull \hbox (badness 10000) in paragraph at lines 144--152

 []

[4]
Underfull \hbox (badness 10000) in paragraph at lines 157--175

 []


Underfull \hbox (badness 10000) in paragraph at lines 177--183

 []

<CFG.png, id=21, 552.0625pt x 442.65375pt>
File: CFG.png Graphic file (type png)
 <use CFG.png>
Package pdftex.def Info: CFG.png used on input line 186.
(pdftex.def)             Requested size: 165.62003pt x 132.79713pt.


LaTeX Warning: `!h' float specifier changed to `!ht'.

<binary_positive.png, id=22, 508.14844pt x 111.41624pt>
File: binary_positive.png Graphic file (type png)

<use binary_positive.png>
Package pdftex.def Info: binary_positive.png used on input line 192.
(pdftex.def)             Requested size: 390.0pt x 85.51366pt.
 [5]
File: binary_positive.png Graphic file (type png)
 <use binary_positive.png>
Package pdftex.def Info: binary_positive.png used on input line 196.
(pdftex.def)             Requested size: 390.0pt x 85.51366pt.
 [6 <./CFG.png (PNG copy)> <./binary_positive.png>] <use_case.png, id=29, 566.1
15pt x 442.65375pt>
File: use_case.png Graphic file (type png)

<use use_case.png>
Package pdftex.def Info: use_case.png used on input line 203.
(pdftex.def)             Requested size: 283.05681pt x 221.32632pt.
 <bst-class.png, id=30, 146.04562pt x 140.02313pt>
File: bst-class.png Graphic file (type png)

<use bst-class.png>
Package pdftex.def Info: bst-class.png used on input line 212.
(pdftex.def)             Requested size: 116.83664pt x 112.01865pt.
 [7 <./use_case.png (PNG copy)> <./bst-class.png>]
<aaaa.png, id=37, 304.88907pt x 385.44pt>
File: aaaa.png Graphic file (type png)
 <use aaaa.png>
Package pdftex.def Info: aaaa.png used on input line 223.
(pdftex.def)             Requested size: 243.91158pt x 308.35242pt.
 [8 <./aaaa.png>]
<Untitled.png, id=41, 622.57594pt x 417.05812pt>
File: Untitled.png Graphic file (type png)
 <use Untitled.png>
Package pdftex.def Info: Untitled.png used on input line 248.
(pdftex.def)             Requested size: 498.06143pt x 333.64694pt.

Overfull \hbox (108.06143pt too wide) in paragraph at lines 248--249
 [][] 
 []

[9 <./Untitled.png>] (A1_SDMT_BinarySearch.aux) ) 
Here is how much of TeX's memory you used:
 1215 strings out of 493698
 16298 string characters out of 3144394
 71158 words of memory out of 3000000
 4569 multiletter control sequences out of 15000+200000
 9718 words of font info for 34 fonts, out of 3000000 for 9000
 1025 hyphenation exceptions out of 8191
 27i,6n,19p,732b,216s stack positions out of 5000i,500n,10000p,200000b,50000s
 <C:\Users\abhi9bakshi\AppData
\Local\MiKTeX\2.9\fonts\pk\ljfour\public\concrete\dpi720\ccr10.pk><C:/Program F
iles/MiKTeX 2.9/fonts/type1/public/amsfonts/cm/cmbx12.pfb><C:/Program Files/MiK
TeX 2.9/fonts/type1/public/amsfonts/cm/cmcsc10.pfb><C:/Program Files/MiKTeX 2.9
/fonts/type1/public/amsfonts/cm/cmmi12.pfb><C:/Program Files/MiKTeX 2.9/fonts/t
ype1/public/amsfonts/cm/cmr12.pfb><C:/Program Files/MiKTeX 2.9/fonts/type1/publ
ic/amsfonts/cm/cmr17.pfb><C:/Program Files/MiKTeX 2.9/fonts/type1/public/amsfon
ts/cm/cmsy10.pfb>
Output written on A1_SDMT_BinarySearch.pdf (9 pages, 466787 bytes).
PDF statistics:
 107 PDF objects out of 1000 (max. 8388607)
 0 named destinations out of 1000 (max. 500000)
 31 words of extra memory for PDF output out of 10000 (max. 10000000)

