This is pdfTeX, Version 3.14159265-2.6-1.40.15 (MiKTeX 2.9 64-bit) (preloaded format=pdflatex 2016.3.28)  6 APR 2016 03:36
entering extended mode
**A6_CS_DataEncryption.tex
(A6_CS_DataEncryption.tex
LaTeX2e <2014/05/01>
Babel <3.9l> and hyphenation patterns for 68 languages loaded.
("C:\Program Files\MiKTeX 2.9\tex\latex\base\article.cls"
Document Class: article 2014/09/29 v1.4h Standard LaTeX document class
("C:\Program Files\MiKTeX 2.9\tex\latex\base\size12.clo"
File: size12.clo 2014/09/29 v1.4h Standard LaTeX file (size option)
)
\c@part=\count79
\c@section=\count80
\c@subsection=\count81
\c@subsubsection=\count82
\c@paragraph=\count83
\c@subparagraph=\count84
\c@figure=\count85
\c@table=\count86
\abovecaptionskip=\skip41
\belowcaptionskip=\skip42
\bibindent=\dimen102
)
("C:\Program Files\MiKTeX 2.9\tex\latex\graphics\graphicx.sty"
Package: graphicx 2014/10/28 v1.0g Enhanced LaTeX Graphics (DPC,SPQR)

("C:\Program Files\MiKTeX 2.9\tex\latex\graphics\keyval.sty"
Package: keyval 2014/10/28 v1.15 key=value parser (DPC)
\KV@toks@=\toks14
)
("C:\Program Files\MiKTeX 2.9\tex\latex\graphics\graphics.sty"
Package: graphics 2014/10/28 v1.0p Standard LaTeX Graphics (DPC,SPQR)

("C:\Program Files\MiKTeX 2.9\tex\latex\graphics\trig.sty"
Package: trig 1999/03/16 v1.09 sin cos tan (DPC)
)
("C:\Program Files\MiKTeX 2.9\tex\latex\00miktex\graphics.cfg"
File: graphics.cfg 2007/01/18 v1.5 graphics configuration of teTeX/TeXLive
)
Package graphics Info: Driver file: pdftex.def on input line 91.

("C:\Program Files\MiKTeX 2.9\tex\latex\pdftex-def\pdftex.def"
File: pdftex.def 2011/05/27 v0.06d Graphics/color for pdfTeX

("C:\Program Files\MiKTeX 2.9\tex\generic\oberdiek\infwarerr.sty"
Package: infwarerr 2010/04/08 v1.3 Providing info/warning/error messages (HO)
)
("C:\Program Files\MiKTeX 2.9\tex\generic\oberdiek\ltxcmds.sty"
Package: ltxcmds 2011/11/09 v1.22 LaTeX kernel commands for general use (HO)
)
\Gread@gobject=\count87
))
\Gin@req@height=\dimen103
\Gin@req@width=\dimen104
)
(A6_CS_DataEncryption.aux)
LaTeX Font Info:    Checking defaults for OML/cmm/m/it on input line 19.
LaTeX Font Info:    ... okay on input line 19.
LaTeX Font Info:    Checking defaults for T1/cmr/m/n on input line 19.
LaTeX Font Info:    ... okay on input line 19.
LaTeX Font Info:    Checking defaults for OT1/cmr/m/n on input line 19.
LaTeX Font Info:    ... okay on input line 19.
LaTeX Font Info:    Checking defaults for OMS/cmsy/m/n on input line 19.
LaTeX Font Info:    ... okay on input line 19.
LaTeX Font Info:    Checking defaults for OMX/cmex/m/n on input line 19.
LaTeX Font Info:    ... okay on input line 19.
LaTeX Font Info:    Checking defaults for U/cmr/m/n on input line 19.
LaTeX Font Info:    ... okay on input line 19.

("C:\Program Files\MiKTeX 2.9\tex\context\base\supp-pdf.mkii"
[Loading MPS to PDF converter (version 2006.09.02).]
\scratchcounter=\count88
\scratchdimen=\dimen105
\scratchbox=\box26
\nofMPsegments=\count89
\nofMParguments=\count90
\everyMPshowfont=\toks15
\MPscratchCnt=\count91
\MPscratchDim=\dimen106
\MPnumerator=\count92
\makeMPintoPDFobject=\count93
\everyMPtoPDFconversion=\toks16
)
LaTeX Font Info:    External font `cmex10' loaded for size
(Font)              <14.4> on input line 20.
LaTeX Font Info:    External font `cmex10' loaded for size
(Font)              <7> on input line 20.
LaTeX Font Info:    Try loading font information for OMS+cmr on input line 57.
 ("C:\Program Files\MiKTeX 2.9\tex\latex\base\omscmr.fd"
File: omscmr.fd 2014/09/29 v2.5h Standard LaTeX font definitions
)
LaTeX Font Info:    Font shape `OMS/cmr/m/n' in size <12> not available
(Font)              Font shape `OMS/cmsy/m/n' tried instead on input line 57.

Underfull \hbox (badness 10000) in paragraph at lines 68--84

 []


Underfull \hbox (badness 10000) in paragraph at lines 68--84

 []

[1

{C:/ProgramData/MiKTeX/2.9/pdftex/config/pdftex.map}]
Underfull \hbox (badness 10000) in paragraph at lines 96--97

 []


Underfull \hbox (badness 10000) in paragraph at lines 99--103

 []


Underfull \hbox (badness 10000) in paragraph at lines 99--103

 []


Underfull \hbox (badness 10000) in paragraph at lines 99--103

 []

[2] [3] [4] [5]
Overfull \hbox (208.9753pt too wide) in paragraph at lines 344--344
[]\OT1/cmtt/m/n/12 Connection con = DriverManager.getConnection("jdbc:mysql://l
ocalhost:3306/test", "root", "root");[] 
 []


Overfull \hbox (97.82524pt too wide) in paragraph at lines 344--344
[]\OT1/cmtt/m/n/12 ps = con.prepareStatement("select name from regform where us
er=? and passO=?");[] 
 []

[6]
Overfull \hbox (91.65024pt too wide) in paragraph at lines 344--344
[]\OT1/cmtt/m/n/12 ps = con.prepareStatement("select name from regform where us
er=? and pass=?");[] 
 []

[7]
Overfull \hbox (11.3752pt too wide) in paragraph at lines 344--344
[]\OT1/cmtt/m/n/12 "Incorrect email-Id or password..Try Again with correct deta
il");[] 
 []

[8]
Underfull \hbox (badness 10000) in paragraph at lines 360--364

 []

LaTeX Font Info:    External font `cmex10' loaded for size
(Font)              <12> on input line 374.
LaTeX Font Info:    External font `cmex10' loaded for size
(Font)              <8> on input line 374.
LaTeX Font Info:    External font `cmex10' loaded for size
(Font)              <6> on input line 374.
<encr_plag.png, id=33, 603.0028pt x 437.38406pt>
File: encr_plag.png Graphic file (type png)
 <use encr_plag.png>
Package pdftex.def Info: encr_plag.png used on input line 382.
(pdftex.def)             Requested size: 390.0pt x 282.8814pt.
 [9]
<1.png, id=37, 1156.32pt x 650.43pt>
File: 1.png Graphic file (type png)
 <use 1.png>
Package pdftex.def Info: 1.png used on input line 384.
(pdftex.def)             Requested size: 390.0pt x 219.36674pt.

<2.png, id=38, 1156.32pt x 650.43pt>
File: 2.png Graphic file (type png)
 <use 2.png>
Package pdftex.def Info: 2.png used on input line 385.
(pdftex.def)             Requested size: 390.0pt x 219.36674pt.

<3.png, id=39, 1156.32pt x 650.43pt>
File: 3.png Graphic file (type png)
 <use 3.png>
Package pdftex.def Info: 3.png used on input line 386.
(pdftex.def)             Requested size: 390.0pt x 219.36674pt.

<4.png, id=40, 1156.32pt x 650.43pt>
File: 4.png Graphic file (type png)
 <use 4.png>
Package pdftex.def Info: 4.png used on input line 387.
(pdftex.def)             Requested size: 390.0pt x 219.36674pt.

<5.png, id=41, 1156.32pt x 650.43pt>
File: 5.png Graphic file (type png)
 <use 5.png>
Package pdftex.def Info: 5.png used on input line 388.
(pdftex.def)             Requested size: 390.0pt x 219.36674pt.

<6.png, id=42, 1156.32pt x 650.43pt>
File: 6.png Graphic file (type png)
 <use 6.png>
Package pdftex.def Info: 6.png used on input line 389.
(pdftex.def)             Requested size: 390.0pt x 219.36674pt.
 [10 <./encr_plag.png>]
[11 <./1.png> <./2.png>] [12 <./3.png> <./4.png>] [13 <./5.png> <./6.png>]
(A6_CS_DataEncryption.aux) ) 
Here is how much of TeX's memory you used:
 1191 strings out of 493698
 15472 string characters out of 3144394
 71125 words of memory out of 3000000
 4548 multiletter control sequences out of 15000+200000
 9577 words of font info for 34 fonts, out of 3000000 for 9000
 1025 hyphenation exceptions out of 8191
 27i,6n,19p,373b,241s stack positions out of 5000i,500n,10000p,200000b,50000s
<C:/Program Files/MiKTeX 2.9/fonts/type1/public/ams
fonts/cm/cmbx12.pfb><C:/Program Files/MiKTeX 2.9/fonts/type1/public/amsfonts/cm
/cmcsc10.pfb><C:/Program Files/MiKTeX 2.9/fonts/type1/public/amsfonts/cm/cmr12.
pfb><C:/Program Files/MiKTeX 2.9/fonts/type1/public/amsfonts/cm/cmr17.pfb><C:/P
rogram Files/MiKTeX 2.9/fonts/type1/public/amsfonts/cm/cmsy10.pfb><C:/Program F
iles/MiKTeX 2.9/fonts/type1/public/amsfonts/cm/cmtt12.pfb>
Output written on A6_CS_DataEncryption.pdf (13 pages, 1009295 bytes).
PDF statistics:
 76 PDF objects out of 1000 (max. 8388607)
 0 named destinations out of 1000 (max. 500000)
 36 words of extra memory for PDF output out of 10000 (max. 10000000)

